<?xml version="1.0" encoding="UTF-8"?>
<testsuites name="TS3" time="3.281" tests="2" failures="0" errors="0">
   <testsuite name="TS3" tests="2" failures="0" errors="0" time="3.281" skipped="0" timestamp="14-06-2024T22:56:58" hostname="anhtran - 192.168.102.5" id="Test Suites/FTS1/TS3">
      <properties>
         <property name="deviceName" value=""/>
         <property name="devicePlatform"/>
         <property name="logFolder" value="/Users/anhtran/git/testtesttest/Reports/20240614_225654/FTS1/TS3/20240614_225655"/>
         <property name="logFiles" value="/Users/anhtran/git/testtesttest/Reports/20240614_225654/FTS1/TS3/20240614_225655/execution0.log"/>
         <property name="attachments" value=""/>
         <property name="hostName" value="anhtran - 192.168.102.5"/>
         <property name="os" value="Mac OS X 64bit"/>
         <property name="katalonVersion" value="9.5.0.217"/>
         <property name="browser" value="Chrome 125.0.0.0"/>
         <property name="hostAddress" value="192.168.102.5"/>
         <property name="sessionId" value="8c81a47ae7b5a9ea40d9bc5d168f7975"/>
         <property name="seleniumVersion" value="3.141.59"/>
         <property name="proxyInformation" value="ProxyInformation { proxyOption=NO_PROXY, proxyServerType=HTTP, username=, password=********, proxyServerAddress=, proxyServerPort=0, executionList=&quot;&quot;, isApplyToDesiredCapabilities=true }"/>
         <property name="platform" value="Mac OS X"/>
      </properties>
      <testcase name="Test Cases/Ftest1/TC12" time="2.122" classname="Test Cases/Ftest1/TC12" status="PASSED">
         <system-out><![CDATA[14-06-2024T22:56:58 - [TEST_CASE][PASSED] - Test Cases/Ftest1/TC12: Test Cases/Ftest1/TC12

14-06-2024T22:56:58 - [TEST_STEP][PASSED] - openBrowser(""): Browser is opened with url: ''

14-06-2024T22:56:58 - [MESSAGE][INFO] - Starting 'Chrome' driver

14-06-2024T22:56:58 - [MESSAGE][INFO] - Action delay is set to 0 milliseconds

14-06-2024T22:57:00 - [MESSAGE][PASSED] - Browser is opened with url: ''

14-06-2024T22:57:00 - [TEST_STEP][PASSED] - closeBrowser(): Browser is closed

14-06-2024T22:57:00 - [MESSAGE][PASSED] - Browser is closed]]></system-out>
         <system-err><![CDATA[]]></system-err>
      </testcase>
      <testcase name="Test Cases/Ftest1/TC13" time="1.045" classname="Test Cases/Ftest1/TC13" status="PASSED">
         <system-out><![CDATA[14-06-2024T22:57:00 - [TEST_CASE][PASSED] - Test Cases/Ftest1/TC13: Test Cases/Ftest1/TC13

14-06-2024T22:57:00 - [TEST_STEP][PASSED] - openBrowser(""): Browser is opened with url: ''

14-06-2024T22:57:00 - [MESSAGE][INFO] - Starting 'Chrome' driver

14-06-2024T22:57:00 - [MESSAGE][INFO] - Action delay is set to 0 milliseconds

14-06-2024T22:57:01 - [MESSAGE][PASSED] - Browser is opened with url: ''

14-06-2024T22:57:01 - [TEST_STEP][PASSED] - closeBrowser(): Browser is closed

14-06-2024T22:57:01 - [MESSAGE][PASSED] - Browser is closed]]></system-out>
         <system-err><![CDATA[]]></system-err>
      </testcase>
      <system-out><![CDATA[14-06-2024T22:56:58 - [TEST_SUITE][PASSED] - TS3: Test Cases/Ftest1/TC13]]></system-out>
      <system-err><![CDATA[]]></system-err>
   </testsuite>
</testsuites>
