<?xml version="1.0" encoding="UTF-8"?>
<testsuites name="TS6" time="2.397" tests="2" failures="0" errors="0">
   <testsuite name="TS6" tests="2" failures="0" errors="0" time="2.397" skipped="0" timestamp="15-06-2024T16:05:08" hostname="anhtran - 192.168.102.5" id="Test Suites/FTS1/TS6">
      <properties>
         <property name="deviceName" value=""/>
         <property name="devicePlatform"/>
         <property name="logFolder" value="/Users/anhtran/git/testtesttest/Reports/20240615_160505/FTS1/TS6/20240615_160506"/>
         <property name="logFiles" value="/Users/anhtran/git/testtesttest/Reports/20240615_160505/FTS1/TS6/20240615_160506/execution0.log"/>
         <property name="attachments" value=""/>
         <property name="hostName" value="anhtran - 192.168.102.5"/>
         <property name="os" value="Mac OS X 64bit"/>
         <property name="katalonVersion" value="9.5.0.217"/>
         <property name="browser" value="Chrome 125.0.0.0"/>
         <property name="hostAddress" value="192.168.102.5"/>
         <property name="sessionId" value="48ed4db60e4a1eb5779a4bcb504d0d99"/>
         <property name="seleniumVersion" value="3.141.59"/>
         <property name="proxyInformation" value="ProxyInformation { proxyOption=NO_PROXY, proxyServerType=HTTP, username=, password=********, proxyServerAddress=, proxyServerPort=0, executionList=&quot;&quot;, isApplyToDesiredCapabilities=true }"/>
         <property name="platform" value="Mac OS X"/>
      </properties>
      <testcase name="Test Cases/Ftest1/TC10" time="1.597" classname="Test Cases/Ftest1/TC10" status="PASSED">
         <system-out><![CDATA[15-06-2024T16:05:08 - [TEST_CASE][PASSED] - Test Cases/Ftest1/TC10: Test Cases/Ftest1/TC10

15-06-2024T16:05:08 - [TEST_STEP][PASSED] - openBrowser(""): Browser is opened with url: ''

15-06-2024T16:05:08 - [MESSAGE][INFO] - Starting 'Chrome' driver

15-06-2024T16:05:08 - [MESSAGE][INFO] - Action delay is set to 0 milliseconds

15-06-2024T16:05:09 - [MESSAGE][PASSED] - Browser is opened with url: ''

15-06-2024T16:05:09 - [TEST_STEP][PASSED] - closeBrowser(): Browser is closed

15-06-2024T16:05:09 - [MESSAGE][PASSED] - Browser is closed]]></system-out>
         <system-err><![CDATA[]]></system-err>
      </testcase>
      <testcase name="Test Cases/Ftest1/TC14" time="0.742" classname="Test Cases/Ftest1/TC14" status="PASSED">
         <system-out><![CDATA[15-06-2024T16:05:09 - [TEST_CASE][PASSED] - Test Cases/Ftest1/TC14: Test Cases/Ftest1/TC14

15-06-2024T16:05:09 - [TEST_STEP][PASSED] - openBrowser(""): Browser is opened with url: ''

15-06-2024T16:05:09 - [MESSAGE][INFO] - Starting 'Chrome' driver

15-06-2024T16:05:09 - [MESSAGE][INFO] - Action delay is set to 0 milliseconds

15-06-2024T16:05:10 - [MESSAGE][PASSED] - Browser is opened with url: ''

15-06-2024T16:05:10 - [TEST_STEP][PASSED] - closeBrowser(): Browser is closed

15-06-2024T16:05:10 - [MESSAGE][PASSED] - Browser is closed]]></system-out>
         <system-err><![CDATA[]]></system-err>
      </testcase>
      <system-out><![CDATA[15-06-2024T16:05:08 - [TEST_SUITE][PASSED] - TS6: Test Cases/Ftest1/TC14]]></system-out>
      <system-err><![CDATA[]]></system-err>
   </testsuite>
</testsuites>
