<?xml version="1.0" encoding="UTF-8"?>
<testsuites name="TS2" time="2.753" tests="2" failures="0" errors="0">
   <testsuite name="TS2" tests="2" failures="0" errors="0" time="2.753" skipped="0" timestamp="14-06-2024T22:56:19" hostname="anhtran - 192.168.102.5" id="Test Suites/FTS1/TS2">
      <properties>
         <property name="deviceName" value=""/>
         <property name="devicePlatform"/>
         <property name="logFolder" value="/Users/anhtran/git/testtesttest/Reports/20240614_225616/FTS1/TS2/20240614_225617"/>
         <property name="logFiles" value="/Users/anhtran/git/testtesttest/Reports/20240614_225616/FTS1/TS2/20240614_225617/execution0.log"/>
         <property name="attachments" value=""/>
         <property name="hostName" value="anhtran - 192.168.102.5"/>
         <property name="os" value="Mac OS X 64bit"/>
         <property name="katalonVersion" value="9.5.0.217"/>
         <property name="browser" value="Chrome 125.0.0.0"/>
         <property name="hostAddress" value="192.168.102.5"/>
         <property name="sessionId" value="0185d83afc21c7539f486fd9774d6ac7"/>
         <property name="seleniumVersion" value="3.141.59"/>
         <property name="proxyInformation" value="ProxyInformation { proxyOption=NO_PROXY, proxyServerType=HTTP, username=, password=********, proxyServerAddress=, proxyServerPort=0, executionList=&quot;&quot;, isApplyToDesiredCapabilities=true }"/>
         <property name="platform" value="Mac OS X"/>
      </properties>
      <testcase name="Test Cases/Ftest1/TC10" time="1.792" classname="Test Cases/Ftest1/TC10" status="PASSED">
         <system-out><![CDATA[14-06-2024T22:56:19 - [TEST_CASE][PASSED] - Test Cases/Ftest1/TC10: Test Cases/Ftest1/TC10

14-06-2024T22:56:20 - [TEST_STEP][PASSED] - openBrowser(""): Browser is opened with url: ''

14-06-2024T22:56:20 - [MESSAGE][INFO] - Starting 'Chrome' driver

14-06-2024T22:56:20 - [MESSAGE][INFO] - Action delay is set to 0 milliseconds

14-06-2024T22:56:21 - [MESSAGE][PASSED] - Browser is opened with url: ''

14-06-2024T22:56:21 - [TEST_STEP][PASSED] - closeBrowser(): Browser is closed

14-06-2024T22:56:21 - [MESSAGE][PASSED] - Browser is closed]]></system-out>
         <system-err><![CDATA[]]></system-err>
      </testcase>
      <testcase name="Test Cases/Ftest1/TC11" time="0.873" classname="Test Cases/Ftest1/TC11" status="PASSED">
         <system-out><![CDATA[14-06-2024T22:56:21 - [TEST_CASE][PASSED] - Test Cases/Ftest1/TC11: Test Cases/Ftest1/TC11

14-06-2024T22:56:21 - [TEST_STEP][PASSED] - openBrowser(""): Browser is opened with url: ''

14-06-2024T22:56:21 - [MESSAGE][INFO] - Starting 'Chrome' driver

14-06-2024T22:56:21 - [MESSAGE][INFO] - Action delay is set to 0 milliseconds

14-06-2024T22:56:22 - [MESSAGE][PASSED] - Browser is opened with url: ''

14-06-2024T22:56:22 - [TEST_STEP][PASSED] - closeBrowser(): Browser is closed

14-06-2024T22:56:22 - [MESSAGE][PASSED] - Browser is closed]]></system-out>
         <system-err><![CDATA[]]></system-err>
      </testcase>
      <system-out><![CDATA[14-06-2024T22:56:19 - [TEST_SUITE][PASSED] - TS2: Test Cases/Ftest1/TC11]]></system-out>
      <system-err><![CDATA[]]></system-err>
   </testsuite>
</testsuites>
