<?xml version="1.0" encoding="UTF-8"?>
<testsuites name="TS1" time="2.788" tests="2" failures="0" errors="0">
   <testsuite name="TS1" tests="2" failures="0" errors="0" time="2.788" skipped="0" timestamp="14-06-2024T22:58:01" hostname="anhtran - 192.168.102.5" id="Test Suites/FTS1/TS1">
      <properties>
         <property name="deviceName" value=""/>
         <property name="devicePlatform"/>
         <property name="logFolder" value="/Users/anhtran/git/testtesttest/Reports/20240614_225755/FTS1/TS1/20240614_225756"/>
         <property name="logFiles" value="/Users/anhtran/git/testtesttest/Reports/20240614_225755/FTS1/TS1/20240614_225756/execution0.log"/>
         <property name="attachments" value=""/>
         <property name="hostName" value="anhtran - 192.168.102.5"/>
         <property name="os" value="Mac OS X 64bit"/>
         <property name="katalonVersion" value="9.5.0.217"/>
         <property name="browser" value="Chrome 125.0.0.0"/>
         <property name="hostAddress" value="192.168.102.5"/>
         <property name="sessionId" value="956912e53f3a6c9026a39eeef02c0150"/>
         <property name="seleniumVersion" value="3.141.59"/>
         <property name="proxyInformation" value="ProxyInformation { proxyOption=NO_PROXY, proxyServerType=HTTP, username=, password=********, proxyServerAddress=, proxyServerPort=0, executionList=&quot;&quot;, isApplyToDesiredCapabilities=true }"/>
         <property name="platform" value="Mac OS X"/>
      </properties>
      <testcase name="Test Cases/Ftest1/TC1" time="1.837" classname="Test Cases/Ftest1/TC1" status="PASSED">
         <system-out><![CDATA[14-06-2024T22:58:01 - [TEST_CASE][PASSED] - Test Cases/Ftest1/TC1: Test Cases/Ftest1/TC1

14-06-2024T22:58:01 - [TEST_STEP][PASSED] - openBrowser(""): Browser is opened with url: ''

14-06-2024T22:58:02 - [MESSAGE][INFO] - Starting 'Chrome' driver

14-06-2024T22:58:02 - [MESSAGE][INFO] - Action delay is set to 0 milliseconds

14-06-2024T22:58:03 - [MESSAGE][PASSED] - Browser is opened with url: ''

14-06-2024T22:58:03 - [TEST_STEP][PASSED] - closeBrowser(): Browser is closed

14-06-2024T22:58:03 - [MESSAGE][PASSED] - Browser is closed]]></system-out>
         <system-err><![CDATA[]]></system-err>
      </testcase>
      <testcase name="Test Cases/Ftest1/TC2" time="0.86" classname="Test Cases/Ftest1/TC2" status="PASSED">
         <system-out><![CDATA[14-06-2024T22:58:03 - [TEST_CASE][PASSED] - Test Cases/Ftest1/TC2: Test Cases/Ftest1/TC2

14-06-2024T22:58:03 - [TEST_STEP][PASSED] - openBrowser(""): Browser is opened with url: ''

14-06-2024T22:58:03 - [MESSAGE][INFO] - Starting 'Chrome' driver

14-06-2024T22:58:03 - [MESSAGE][INFO] - Action delay is set to 0 milliseconds

14-06-2024T22:58:04 - [MESSAGE][PASSED] - Browser is opened with url: ''

14-06-2024T22:58:04 - [TEST_STEP][PASSED] - closeBrowser(): Browser is closed

14-06-2024T22:58:04 - [MESSAGE][PASSED] - Browser is closed]]></system-out>
         <system-err><![CDATA[]]></system-err>
      </testcase>
      <system-out><![CDATA[14-06-2024T22:58:01 - [TEST_SUITE][PASSED] - TS1: Test Cases/Ftest1/TC2]]></system-out>
      <system-err><![CDATA[]]></system-err>
   </testsuite>
</testsuites>
